[B5D90142A44B741F073B61294AD22A63_1638420176802]	[GATE]	[2021-12-02 13:42:57.446]	[I][GATEWAY MANAGER] > START
[B5D90142A44B741F073B61294AD22A63_1638420176802]	[GATE]	[2021-12-02 13:42:57.452]	[I][GATEWAY MANAGER] > REQUEST TYPE : 0
[B5D90142A44B741F073B61294AD22A63_1638420176802]	[GATE]	[2021-12-02 13:42:57.453]	[I][GATEWAY MANAGER] > UBISERVICE ID : [ Active(1), Standby(0) ]
[B5D90142A44B741F073B61294AD22A63_1638420176802]	[GATE]	[2021-12-02 13:42:59.488]	[E][GATEWAY MANAGER] > UBISERVICE CONNECT ERROR : ER0401#UbiService connection error
[B5D90142A44B741F073B61294AD22A63_1638420176802]	[GATE]	[2021-12-02 13:42:59.490]	[I][GATEWAY MANAGER] > END
[B5D90142A44B741F073B61294AD22A63_1638420968380]	[GATE]	[2021-12-02 13:56:08.386]	[I][GATEWAY MANAGER] > START
[B5D90142A44B741F073B61294AD22A63_1638420968380]	[GATE]	[2021-12-02 13:56:08.391]	[I][GATEWAY MANAGER] > REQUEST TYPE : 0
[B5D90142A44B741F073B61294AD22A63_1638420968380]	[GATE]	[2021-12-02 13:56:08.392]	[I][GATEWAY MANAGER] > UBISERVICE ID : [ Active(1), Standby(0) ]
[B5D90142A44B741F073B61294AD22A63_1638420968380]	[GATE]	[2021-12-02 13:56:10.429]	[E][GATEWAY MANAGER] > UBISERVICE CONNECT ERROR : ER0401#UbiService connection error
[B5D90142A44B741F073B61294AD22A63_1638420968380]	[GATE]	[2021-12-02 13:56:10.430]	[I][GATEWAY MANAGER] > END
[B5D90142A44B741F073B61294AD22A63_1638421052337]	[GATE]	[2021-12-02 13:57:32.348]	[I][GATEWAY MANAGER] > START
[B5D90142A44B741F073B61294AD22A63_1638421052337]	[GATE]	[2021-12-02 13:57:32.350]	[I][GATEWAY MANAGER] > REQUEST TYPE : 0
[B5D90142A44B741F073B61294AD22A63_1638421052337]	[GATE]	[2021-12-02 13:57:32.351]	[I][GATEWAY MANAGER] > UBISERVICE ID : [ Active(1), Standby(0) ]
[B5D90142A44B741F073B61294AD22A63_1638421052337]	[GATE]	[2021-12-02 13:57:34.392]	[E][GATEWAY MANAGER] > UBISERVICE CONNECT ERROR : ER0401#UbiService connection error
[B5D90142A44B741F073B61294AD22A63_1638421052337]	[GATE]	[2021-12-02 13:57:34.395]	[I][GATEWAY MANAGER] > END
[B5D90142A44B741F073B61294AD22A63_1638422498791]	[GATE]	[2021-12-02 14:21:39.618]	[I][GATEWAY MANAGER] > START
[B5D90142A44B741F073B61294AD22A63_1638422498791]	[GATE]	[2021-12-02 14:21:39.623]	[I][GATEWAY MANAGER] > REQUEST TYPE : 0
[B5D90142A44B741F073B61294AD22A63_1638422498791]	[GATE]	[2021-12-02 14:21:39.624]	[I][GATEWAY MANAGER] > UBISERVICE ID : [ Active(1), Standby(0) ]
[B5D90142A44B741F073B61294AD22A63_1638422498791]	[GATE]	[2021-12-02 14:21:41.654]	[E][GATEWAY MANAGER] > UBISERVICE CONNECT ERROR : ER0401#UbiService connection error
[B5D90142A44B741F073B61294AD22A63_1638422498791]	[GATE]	[2021-12-02 14:21:41.657]	[I][GATEWAY MANAGER] > END
[B5D90142A44B741F073B61294AD22A63_1638422510670]	[GATE]	[2021-12-02 14:21:50.677]	[I][GATEWAY MANAGER] > START
[B5D90142A44B741F073B61294AD22A63_1638422510670]	[GATE]	[2021-12-02 14:21:50.680]	[I][GATEWAY MANAGER] > REQUEST TYPE : 0
[B5D90142A44B741F073B61294AD22A63_1638422510670]	[GATE]	[2021-12-02 14:21:50.682]	[I][GATEWAY MANAGER] > UBISERVICE ID : [ Active(1), Standby(0) ]
[B5D90142A44B741F073B61294AD22A63_1638422510670]	[GATE]	[2021-12-02 14:21:52.732]	[E][GATEWAY MANAGER] > UBISERVICE CONNECT ERROR : ER0401#UbiService connection error
[B5D90142A44B741F073B61294AD22A63_1638422510670]	[GATE]	[2021-12-02 14:21:52.734]	[I][GATEWAY MANAGER] > END
[9A5B1551A5F5CB6D90993BDCD6210691_1638426452244]	[GATE]	[2021-12-02 15:27:32.253]	[I][GATEWAY MANAGER] > START
[9A5B1551A5F5CB6D90993BDCD6210691_1638426452244]	[GATE]	[2021-12-02 15:27:32.256]	[I][GATEWAY MANAGER] > REQUEST TYPE : 0
[9A5B1551A5F5CB6D90993BDCD6210691_1638426452244]	[GATE]	[2021-12-02 15:27:32.257]	[I][GATEWAY MANAGER] > UBISERVICE ID : [ Active(1), Standby(0) ]
[9A5B1551A5F5CB6D90993BDCD6210691_1638426452244]	[GATE]	[2021-12-02 15:27:34.320]	[E][GATEWAY MANAGER] > UBISERVICE CONNECT ERROR : ER0401#UbiService connection error
[9A5B1551A5F5CB6D90993BDCD6210691_1638426452244]	[GATE]	[2021-12-02 15:27:34.322]	[I][GATEWAY MANAGER] > END
